Arguments: 
  C:\Program Files\nodejs\node.exe C:\Users\spaco\AppData\Roaming\npm\node_modules\yarn\bin\yarn.js add [package]@[version]

PATH: 
  C:\Users\spaco\AppData\Local\Programs\Python\Python310\Scripts\;C:\Users\spaco\AppData\Local\Programs\Python\Python310\;C:\Program Files (x86)\NVIDIA Corporation\PhysX\Common;C:\WINDOWS\system32;C:\WINDOWS;C:\WINDOWS\System32\Wbem;C:\WINDOWS\System32\WindowsPowerShell\v1.0\;C:\WINDOWS\System32\OpenSSH\;C:\Program Files\Microsoft SQL Server\150\Tools\Binn\;C:\Program Files\Microsoft SQL Server\Client SDK\ODBC\170\Tools\Binn\;C:\Program Files\dotnet\;C:\Program Files (x86)\dotnet\;C:\Program Files\nodejs\;C:\ProgramData\chocolatey\bin;C:\Program Files\Git\cmd;C:\python\python39\Scripts\;C:\python\python39\;C:\Users\spaco\AppData\Local\Programs\Python\Python310\Scripts\;C:\Users\spaco\AppData\Local\Programs\Python\Python310\;C:\Users\spaco\AppData\Local\Microsoft\WindowsApps;C:\Users\spaco\AppData\Local\GitHubDesktop\bin;C:\Users\spaco\AppData\Local\Microsoft\WindowsApps;;C:\Program Files\JetBrains\PyCharm Community Edition 2021.2.3\bin;;C:\Users\spaco\.dotnet\tools;C:\Users\spaco\AppData\Local\Programs\Microsoft VS Code\bin;C:\Users\spaco\AppData\Roaming\npm

Yarn version: 
  1.22.19

Node version: 
  16.17.0

Platform: 
  win32 x64

Trace: 
  Error: https://registry.yarnpkg.com/[package]: Not found
      at Request.params.callback [as _callback] (C:\Users\spaco\AppData\Roaming\npm\node_modules\yarn\lib\cli.js:66145:18)
      at Request.self.callback (C:\Users\spaco\AppData\Roaming\npm\node_modules\yarn\lib\cli.js:140890:22)
      at Request.emit (node:events:513:28)
      at Request.<anonymous> (C:\Users\spaco\AppData\Roaming\npm\node_modules\yarn\lib\cli.js:141862:10)
      at Request.emit (node:events:513:28)
      at IncomingMessage.<anonymous> (C:\Users\spaco\AppData\Roaming\npm\node_modules\yarn\lib\cli.js:141784:12)
      at Object.onceWrapper (node:events:627:28)
      at IncomingMessage.emit (node:events:525:35)
      at endReadableNT (node:internal/streams/readable:1358:12)
      at processTicksAndRejections (node:internal/process/task_queues:83:21)

npm manifest: 
  {
    "name": "learn-js",
    "version": "1.0.0",
    "description": "js examples for fast test learning",
    "main": "index.js",
    "scripts": {
      "test": "jest"
    },
    "repository": {
      "type": "git",
      "url": "git+https://github.com/Alekssoo/module17_homework.git"
    },
    "author": "Alekssoo",
    "license": "ISC",
    "bugs": {
      "url": "https://github.com/Alekssoo/module17_homework/issues"
    },
    "homepage": "https://github.com/Alekssoo/module17_homework#readme",
    "devDependencies": {
      "@babel/core": "^7.20.7",
      "@babel/preset-env": "^7.20.2",
      "babel-jest": "^26.6.3",
      "cypress": "^4.10.0",
      "jest": "^26.6.3"
    },
    "dependencies": {
      "request": "^2.88.2"
    }
  }

yarn manifest: 
  No manifest

Lockfile: 
  No lockfile
